This is pdfTeX, Version 3.141592653-2.6-1.40.25 (TeX Live 2023/Debian) (preloaded format=pdflatex 2025.4.5)  21 JUL 2026 13:05
entering extended mode
 restricted \write18 enabled.
 %&-line parsing enabled.
**main.tex
(./main.tex
LaTeX2e <2023-11-01> patch level 1
L3 programming layer <2024-01-22>
(/usr/share/texlive/texmf-dist/tex/latex/koma-script/scrreprt.cls
Document Class: scrreprt 2023/07/07 v3.41 KOMA-Script document class (report)
(/usr/share/texlive/texmf-dist/tex/latex/koma-script/scrkbase.sty
Package: scrkbase 2023/07/07 v3.41 KOMA-Script package (KOMA-Script-dependent b
asics and keyval usage)

(/usr/share/texlive/texmf-dist/tex/latex/koma-script/scrbase.sty
Package: scrbase 2023/07/07 v3.41 KOMA-Script package (KOMA-Script-independent 
basics and keyval usage)

(/usr/share/texlive/texmf-dist/tex/latex/koma-script/scrlfile.sty
Package: scrlfile 2023/07/07 v3.41 KOMA-Script package (file load hooks)

(/usr/share/texlive/texmf-dist/tex/latex/koma-script/scrlfile-hook.sty
Package: scrlfile-hook 2023/07/07 v3.41 KOMA-Script package (using LaTeX hooks)


(/usr/share/texlive/texmf-dist/tex/latex/koma-script/scrlogo.sty
Package: scrlogo 2023/07/07 v3.41 KOMA-Script package (logo)
)))
(/usr/share/texlive/texmf-dist/tex/latex/graphics/keyval.sty
Package: keyval 2022/05/29 v1.15 key=value parser (DPC)
\KV@toks@=\toks17
)
Applying: [2021/05/01] Usage of raw or classic option list on input line 252.
Already applied: [0000/00/00] Usage of raw or classic option list on input line
 368.
))
(/usr/share/texlive/texmf-dist/tex/latex/koma-script/tocbasic.sty
Package: tocbasic 2023/07/07 v3.41 KOMA-Script package (handling toc-files)
\scr@dte@tocline@numberwidth=\skip48
\scr@dte@tocline@numbox=\box51
)
Package tocbasic Info: omitting babel extension for `toc'
(tocbasic)             because of feature `nobabel' available
(tocbasic)             for `toc' on input line 135.
Package scrreprt Info: You've used standard option `11pt'.
(scrreprt)             This is correct!
(scrreprt)             Internally I'm using `fontsize=11pt'.
(scrreprt)             If you'd like to set the option with \KOMAoptions,
(scrreprt)             you'd have to use `fontsize=11pt' there
(scrreprt)             instead of `11pt', too.
Class scrreprt Info: File `scrsize11pt.clo' used to setup font sizes on input l
ine 2688.

(/usr/share/texlive/texmf-dist/tex/latex/koma-script/scrsize11pt.clo
File: scrsize11pt.clo 2023/07/07 v3.41 KOMA-Script font size class option (11pt
)
)
(/usr/share/texlive/texmf-dist/tex/latex/koma-script/typearea.sty
Package: typearea 2023/07/07 v3.41 KOMA-Script package (type area)
\ta@bcor=\skip49
\ta@div=\count187
Package typearea Info: You've used standard option `a4paper'.
(typearea)             This is correct!
(typearea)             Internally I'm using `paper=a4'.
(typearea)             If you'd like to set the option with \KOMAoptions,
(typearea)             you'd have to use `paper=a4' there
(typearea)             instead of `a4paper', too.
\ta@hblk=\skip50
\ta@vblk=\skip51
\ta@temp=\skip52
\footheight=\skip53
Package typearea Info: These are the values describing the layout:
(typearea)             DIV  = 10
(typearea)             BCOR = 0.0pt
(typearea)             \paperwidth      = 597.50793pt
(typearea)              \textwidth      = 418.25555pt
(typearea)              DIV departure   = -6%
(typearea)              \evensidemargin = 17.3562pt
(typearea)              \oddsidemargin  = 17.3562pt
(typearea)             \paperheight     = 845.04694pt
(typearea)              \textheight     = 595.80026pt
(typearea)              \topmargin      = -25.16531pt
(typearea)              \headheight     = 17.0pt
(typearea)              \headsep        = 20.40001pt
(typearea)              \topskip        = 11.0pt
(typearea)              \footskip       = 47.6pt
(typearea)              \baselineskip   = 13.6pt
(typearea)              on input line 1799.
)
\c@part=\count188
\c@chapter=\count189
\c@section=\count190
\c@subsection=\count191
\c@subsubsection=\count192
\c@paragraph=\count193
\c@subparagraph=\count194
\scr@dte@chapter@maxnumwidth=\skip54
Class scrreprt Info: using compatibility default `afterindent=bysign'
(scrreprt)           for `\chapter on input line 5994.
\scr@dte@section@maxnumwidth=\skip55
Class scrreprt Info: using compatibility default `runin=bysign'
(scrreprt)           for `\section on input line 6005.
Class scrreprt Info: using compatibility default `afterindent=bysign'
(scrreprt)           for `\section on input line 6005.
\scr@dte@part@maxnumwidth=\skip56
Class scrreprt Info: using compatibility default `afterindent=true'
(scrreprt)           for `\part on input line 6014.
\scr@dte@subsection@maxnumwidth=\skip57
Class scrreprt Info: using compatibility default `runin=bysign'
(scrreprt)           for `\subsection on input line 6024.
Class scrreprt Info: using compatibility default `afterindent=bysign'
(scrreprt)           for `\subsection on input line 6024.
\scr@dte@subsubsection@maxnumwidth=\skip58
Class scrreprt Info: using compatibility default `runin=bysign'
(scrreprt)           for `\subsubsection on input line 6034.
Class scrreprt Info: using compatibility default `afterindent=bysign'
(scrreprt)           for `\subsubsection on input line 6034.
\scr@dte@paragraph@maxnumwidth=\skip59
Class scrreprt Info: using compatibility default `runin=bysign'
(scrreprt)           for `\paragraph on input line 6045.
Class scrreprt Info: using compatibility default `afterindent=bysign'
(scrreprt)           for `\paragraph on input line 6045.
\scr@dte@subparagraph@maxnumwidth=\skip60
Class scrreprt Info: using compatibility default `runin=bysign'
(scrreprt)           for `\subparagraph on input line 6055.
Class scrreprt Info: using compatibility default `afterindent=bysign'
(scrreprt)           for `\subparagraph on input line 6055.
\abovecaptionskip=\skip61
\belowcaptionskip=\skip62
\c@pti@nb@sid@b@x=\box52
Package tocbasic Info: omitting babel extension for `lof'
(tocbasic)             because of feature `nobabel' available
(tocbasic)             for `lof' on input line 7240.
\scr@dte@figure@maxnumwidth=\skip63
\c@figure=\count195
Package tocbasic Info: omitting babel extension for `lot'
(tocbasic)             because of feature `nobabel' available
(tocbasic)             for `lot' on input line 7257.
\scr@dte@table@maxnumwidth=\skip64
\c@table=\count196
Class scrreprt Info: Redefining `\numberline' on input line 7428.
\bibindent=\dimen140
)
(/usr/share/texlive/texmf-dist/tex/generic/babel/babel.sty
Package: babel 2024/01/07 v24.1 The Babel package
\babel@savecnt=\count197
\U@D=\dimen141
\l@unhyphenated=\language89

(/usr/share/texlive/texmf-dist/tex/generic/babel/txtbabel.def)
\bbl@readstream=\read2
\bbl@dirlevel=\count198

(/usr/share/texlive/texmf-dist/tex/generic/babel-german/ngerman.ldf
Language: ngerman 2024/01/19 v2.14 German support for babel (post-1996 orthogra
phy)

(/usr/share/texlive/texmf-dist/tex/generic/babel-german/ngermanb.ldf
Language: ngermanb 2024/01/19 v2.14 German support for babel (post-1996 orthogr
aphy)
Package babel Info: Making " an active character on input line 122.
)))
(/usr/share/texlive/texmf-dist/tex/generic/babel/locale/de/babel-ngerman.tex
Package babel Info: Importing font and identification data for ngerman
(babel)             from babel-de.ini. Reported on input line 11.
)
(/usr/share/texlive/texmf-dist/tex/latex/base/inputenc.sty
Package: inputenc 2021/02/14 v1.3d Input encoding file
\inpenc@prehook=\toks18
\inpenc@posthook=\toks19
)
(/usr/share/texlive/texmf-dist/tex/latex/base/fontenc.sty
Package: fontenc 2021/04/29 v2.0v Standard LaTeX package
)
(/usr/share/texlive/texmf-dist/tex/latex/csquotes/csquotes.sty
Package: csquotes 2022-09-14 v5.2n context-sensitive quotations (JAW)

(/usr/share/texlive/texmf-dist/tex/latex/etoolbox/etoolbox.sty
Package: etoolbox 2020/10/05 v2.5k e-TeX tools for LaTeX (JAW)
\etb@tempcnta=\count199
)
\csq@reset=\count266
\csq@gtype=\count267
\csq@glevel=\count268
\csq@qlevel=\count269
\csq@maxlvl=\count270
\csq@tshold=\count271
\csq@ltx@everypar=\toks20

(/usr/share/texlive/texmf-dist/tex/latex/csquotes/csquotes.def
File: csquotes.def 2022-09-14 v5.2n csquotes generic definitions (JAW)
)
Package csquotes Info: Trying to load configuration file 'csquotes.cfg'...
Package csquotes Info: ... configuration file loaded successfully.

(/usr/share/texlive/texmf-dist/tex/latex/csquotes/csquotes.cfg
File: csquotes.cfg 
))
(/usr/share/texlive/texmf-dist/tex/latex/l3packages/xparse/xparse.sty
(/usr/share/texlive/texmf-dist/tex/latex/l3kernel/expl3.sty
Package: expl3 2024-01-22 L3 programming layer (loader) 

(/usr/share/texlive/texmf-dist/tex/latex/l3backend/l3backend-pdftex.def
File: l3backend-pdftex.def 2024-01-04 L3 backend support: PDF output (pdfTeX)
\l__color_backend_stack_int=\count272
\l__pdf_internal_box=\box53
))
Package: xparse 2023-10-10 L3 Experimental document command parser
)
(/usr/share/texlive/texmf-dist/tex/latex/carlito/carlito.sty
Package: carlito 2022/10/05 (Bob Tennent) Supports Carlito fonts for LaTeX, pdf
LaTeX, luaLaTeX and xeLaTeX.

(/usr/share/texlive/texmf-dist/tex/generic/iftex/ifxetex.sty
Package: ifxetex 2019/10/25 v0.7 ifxetex legacy package. Use iftex instead.

(/usr/share/texlive/texmf-dist/tex/generic/iftex/iftex.sty
Package: iftex 2022/02/03 v1.0f TeX engine tests
))
(/usr/share/texlive/texmf-dist/tex/generic/iftex/ifluatex.sty
Package: ifluatex 2019/10/25 v1.5 ifluatex legacy package. Use iftex instead.
)
(/usr/share/texlive/texmf-dist/tex/latex/xkeyval/xkeyval.sty
Package: xkeyval 2022/06/16 v2.9 package option processing (HA)

(/usr/share/texlive/texmf-dist/tex/generic/xkeyval/xkeyval.tex
(/usr/share/texlive/texmf-dist/tex/generic/xkeyval/xkvutils.tex
\XKV@toks=\toks21
\XKV@tempa@toks=\toks22
)
\XKV@depth=\count273
File: xkeyval.tex 2014/12/03 v2.7a key=value parser (HA)
))
(/usr/share/texlive/texmf-dist/tex/latex/base/textcomp.sty
Package: textcomp 2020/02/02 v2.0n Standard LaTeX package
)
(/usr/share/texlive/texmf-dist/tex/latex/base/fontenc.sty
Package: fontenc 2021/04/29 v2.0v Standard LaTeX package
)
(/usr/share/texlive/texmf-dist/tex/latex/fontaxes/fontaxes.sty
Package: fontaxes 2020/07/21 v1.0e Font selection axes
LaTeX Info: Redefining \upshape on input line 29.
LaTeX Info: Redefining \itshape on input line 31.
LaTeX Info: Redefining \slshape on input line 33.
LaTeX Info: Redefining \swshape on input line 35.
LaTeX Info: Redefining \scshape on input line 37.
LaTeX Info: Redefining \sscshape on input line 39.
LaTeX Info: Redefining \ulcshape on input line 41.
LaTeX Info: Redefining \textsw on input line 47.
LaTeX Info: Redefining \textssc on input line 48.
LaTeX Info: Redefining \textulc on input line 49.
))
(/usr/share/texlive/texmf-dist/tex/latex/caladea/caladea.sty
Package: caladea 2022/09/30 (Bob Tennent) Supports Caladea fonts for LaTeX, pdf
LaTeX, luaLaTeX and xeLaTeX.
)
(/usr/share/texlive/texmf-dist/tex/latex/geometry/geometry.sty
Package: geometry 2020/01/02 v5.9 Page Geometry

(/usr/share/texlive/texmf-dist/tex/generic/iftex/ifvtex.sty
Package: ifvtex 2019/10/25 v1.7 ifvtex legacy package. Use iftex instead.
)
\Gm@cnth=\count274
\Gm@cntv=\count275
\c@Gm@tempcnt=\count276
\Gm@bindingoffset=\dimen142
\Gm@wd@mp=\dimen143
\Gm@odd@mp=\dimen144
\Gm@even@mp=\dimen145
\Gm@layoutwidth=\dimen146
\Gm@layoutheight=\dimen147
\Gm@layouthoffset=\dimen148
\Gm@layoutvoffset=\dimen149
\Gm@dimlist=\toks23
)
(/usr/share/texlive/texmf-dist/tex/latex/setspace/setspace.sty
Package: setspace 2022/12/04 v6.7b set line spacing
)
(/usr/share/texlive/texmf-dist/tex/latex/graphics/graphicx.sty
Package: graphicx 2021/09/16 v1.2d Enhanced LaTeX Graphics (DPC,SPQR)

(/usr/share/texlive/texmf-dist/tex/latex/graphics/graphics.sty
Package: graphics 2022/03/10 v1.4e Standard LaTeX Graphics (DPC,SPQR)

(/usr/share/texlive/texmf-dist/tex/latex/graphics/trig.sty
Package: trig 2021/08/11 v1.11 sin cos tan (DPC)
)
(/usr/share/texlive/texmf-dist/tex/latex/graphics-cfg/graphics.cfg
File: graphics.cfg 2016/06/04 v1.11 sample graphics configuration
)
Package graphics Info: Driver file: pdftex.def on input line 107.

(/usr/share/texlive/texmf-dist/tex/latex/graphics-def/pdftex.def
File: pdftex.def 2022/09/22 v1.2b Graphics/color driver for pdftex
))
\Gin@req@height=\dimen150
\Gin@req@width=\dimen151
)
(/usr/share/texlive/texmf-dist/tex/latex/float/float.sty
Package: float 2001/11/08 v1.3d Float enhancements (AL)
\c@float@type=\count277
\float@exts=\toks24
\float@box=\box54
\@float@everytoks=\toks25
\@floatcapt=\box55
)
(/usr/share/texlive/texmf-dist/tex/latex/placeins/placeins.sty
Package: placeins 2005/04/18  v 2.2
)
(/usr/share/texlive/texmf-dist/tex/latex/caption/caption.sty
Package: caption 2023/08/05 v3.6o Customizing captions (AR)

(/usr/share/texlive/texmf-dist/tex/latex/caption/caption3.sty
Package: caption3 2023/07/31 v2.4d caption3 kernel (AR)
\caption@tempdima=\dimen152
\captionmargin=\dimen153
\caption@leftmargin=\dimen154
\caption@rightmargin=\dimen155
\caption@width=\dimen156
\caption@indent=\dimen157
\caption@parindent=\dimen158
\caption@hangindent=\dimen159
Package caption Info: KOMA-Script document class detected.

(/usr/share/texlive/texmf-dist/tex/latex/caption/caption-koma.sto
File: caption-koma.sto 2023/09/08 v2.0e Adaption of the caption package to the 
KOMA-Script document classes (AR)
))
\c@caption@flags=\count278
\c@continuedfloat=\count279
Package caption Info: float package is loaded.
Package caption Info: KOMA-Script scrextend package detected.
\caption@addmargin@hsize=\dimen160
\caption@addmargin@linewidth=\dimen161
)
(/usr/share/texlive/texmf-dist/tex/latex/booktabs/booktabs.sty
Package: booktabs 2020/01/12 v1.61803398 Publication quality tables
\heavyrulewidth=\dimen162
\lightrulewidth=\dimen163
\cmidrulewidth=\dimen164
\belowrulesep=\dimen165
\belowbottomsep=\dimen166
\aboverulesep=\dimen167
\abovetopsep=\dimen168
\cmidrulesep=\dimen169
\cmidrulekern=\dimen170
\defaultaddspace=\dimen171
\@cmidla=\count280
\@cmidlb=\count281
\@aboverulesep=\dimen172
\@belowrulesep=\dimen173
\@thisruleclass=\count282
\@lastruleclass=\count283
\@thisrulewidth=\dimen174
)
(/usr/share/texlive/texmf-dist/tex/latex/tools/longtable.sty
Package: longtable 2023-11-01 v4.19 Multi-page Table package (DPC)
\LTleft=\skip65
\LTright=\skip66
\LTpre=\skip67
\LTpost=\skip68
\LTchunksize=\count284
\LTcapwidth=\dimen175
\LT@head=\box56
\LT@firsthead=\box57
\LT@foot=\box58
\LT@lastfoot=\box59
\LT@gbox=\box60
\LT@cols=\count285
\LT@rows=\count286
\c@LT@tables=\count287
\c@LT@chunks=\count288
\LT@p@ftn=\toks26
)
Class scrreprt Info: longtable captions redefined on input line 48.

(/usr/share/texlive/texmf-dist/tex/latex/tools/array.sty
Package: array 2023/10/16 v2.5g Tabular extension package (FMi)
\col@sep=\dimen176
\ar@mcellbox=\box61
\extrarowheight=\dimen177
\NC@list=\toks27
\extratabsurround=\skip69
\backup@length=\skip70
\ar@cellbox=\box62
)
(/usr/share/texlive/texmf-dist/tex/latex/enumitem/enumitem.sty
Package: enumitem 2019/06/20 v3.9 Customized lists
\labelindent=\skip71
\enit@outerparindent=\dimen178
\enit@toks=\toks28
\enit@inbox=\box63
\enit@count@id=\count289
\enitdp@description=\count290
)
(/usr/share/texlive/texmf-dist/tex/latex/siunitx/siunitx.sty
Package: siunitx 2024-01-25 v3.3.10 A comprehensive (SI) units package
\l__siunitx_number_uncert_offset_int=\count291
\l__siunitx_number_exponent_fixed_int=\count292
\l__siunitx_number_min_decimal_int=\count293
\l__siunitx_number_min_integer_int=\count294
\l__siunitx_number_round_precision_int=\count295
\l__siunitx_number_lower_threshold_int=\count296
\l__siunitx_number_upper_threshold_int=\count297
\l__siunitx_number_group_first_int=\count298
\l__siunitx_number_group_size_int=\count299
\l__siunitx_number_group_minimum_int=\count300
\l__siunitx_angle_tmp_dim=\dimen179
\l__siunitx_angle_marker_box=\box64
\l__siunitx_angle_unit_box=\box65
\l__siunitx_compound_count_int=\count301

(/usr/share/texlive/texmf-dist/tex/latex/translations/translations.sty
Package: translations 2022/02/05 v1.12 internationalization of LaTeX2e packages
 (CN)

(/usr/share/texlive/texmf-dist/tex/generic/pdftexcmds/pdftexcmds.sty
Package: pdftexcmds 2020-06-27 v0.33 Utility functions of pdfTeX for LuaTeX (HO
)

(/usr/share/texlive/texmf-dist/tex/generic/infwarerr/infwarerr.sty
Package: infwarerr 2019/12/03 v1.5 Providing info/warning/error messages (HO)
)
(/usr/share/texlive/texmf-dist/tex/generic/ltxcmds/ltxcmds.sty
Package: ltxcmds 2023-12-04 v1.26 LaTeX kernel commands for general use (HO)
)
Package pdftexcmds Info: \pdf@primitive is available.
Package pdftexcmds Info: \pdf@ifprimitive is available.
Package pdftexcmds Info: \pdfdraftmode found.
))
(/usr/share/texlive/texmf-dist/tex/latex/amsmath/amstext.sty
Package: amstext 2021/08/26 v2.01 AMS text

(/usr/share/texlive/texmf-dist/tex/latex/amsmath/amsgen.sty
File: amsgen.sty 1999/11/30 v2.0 generic functions
\@emptytoks=\toks29
\ex@=\dimen180
))
\l__siunitx_table_tmp_box=\box66
\l__siunitx_table_tmp_dim=\dimen181
\l__siunitx_table_column_width_dim=\dimen182
\l__siunitx_table_integer_box=\box67
\l__siunitx_table_decimal_box=\box68
\l__siunitx_table_uncert_box=\box69
\l__siunitx_table_before_box=\box70
\l__siunitx_table_after_box=\box71
\l__siunitx_table_before_dim=\dimen183
\l__siunitx_table_carry_dim=\dimen184
\l__siunitx_unit_tmp_int=\count302
\l__siunitx_unit_position_int=\count303
\l__siunitx_unit_total_int=\count304
)
(/usr/share/texlive/texmf-dist/tex/latex/amsmath/amsmath.sty
Package: amsmath 2023/05/13 v2.17o AMS math features
\@mathmargin=\skip72

For additional information on amsmath, use the `?' option.
(/usr/share/texlive/texmf-dist/tex/latex/amsmath/amsbsy.sty
Package: amsbsy 1999/11/29 v1.2d Bold Symbols
\pmbraise@=\dimen185
)
(/usr/share/texlive/texmf-dist/tex/latex/amsmath/amsopn.sty
Package: amsopn 2022/04/08 v2.04 operator names
)
\inf@bad=\count305
LaTeX Info: Redefining \frac on input line 234.
\uproot@=\count306
\leftroot@=\count307
LaTeX Info: Redefining \overline on input line 399.
LaTeX Info: Redefining \colon on input line 410.
\classnum@=\count308
\DOTSCASE@=\count309
LaTeX Info: Redefining \ldots on input line 496.
LaTeX Info: Redefining \dots on input line 499.
LaTeX Info: Redefining \cdots on input line 620.
\Mathstrutbox@=\box72
\strutbox@=\box73
LaTeX Info: Redefining \big on input line 722.
LaTeX Info: Redefining \Big on input line 723.
LaTeX Info: Redefining \bigg on input line 724.
LaTeX Info: Redefining \Bigg on input line 725.
\big@size=\dimen186
LaTeX Font Info:    Redeclaring font encoding OML on input line 743.
LaTeX Font Info:    Redeclaring font encoding OMS on input line 744.
\macc@depth=\count310
LaTeX Info: Redefining \bmod on input line 905.
LaTeX Info: Redefining \pmod on input line 910.
LaTeX Info: Redefining \smash on input line 940.
LaTeX Info: Redefining \relbar on input line 970.
LaTeX Info: Redefining \Relbar on input line 971.
\c@MaxMatrixCols=\count311
\dotsspace@=\muskip16
\c@parentequation=\count312
\dspbrk@lvl=\count313
\tag@help=\toks30
\row@=\count314
\column@=\count315
\maxfields@=\count316
\andhelp@=\toks31
\eqnshift@=\dimen187
\alignsep@=\dimen188
\tagshift@=\dimen189
\tagwidth@=\dimen190
\totwidth@=\dimen191
\lineht@=\dimen192
\@envbody=\toks32
\multlinegap=\skip73
\multlinetaggap=\skip74
\mathdisplay@stack=\toks33
LaTeX Info: Redefining \[ on input line 2953.
LaTeX Info: Redefining \] on input line 2954.
)
(/usr/share/texlive/texmf-dist/tex/latex/amsfonts/amssymb.sty
Package: amssymb 2013/01/14 v3.01 AMS font symbols

(/usr/share/texlive/texmf-dist/tex/latex/amsfonts/amsfonts.sty
Package: amsfonts 2013/01/14 v3.01 Basic AMSFonts support
\symAMSa=\mathgroup4
\symAMSb=\mathgroup5
LaTeX Font Info:    Redeclaring math symbol \hbar on input line 98.
LaTeX Font Info:    Overwriting math alphabet `\mathfrak' in version `bold'
(Font)                  U/euf/m/n --> U/euf/b/n on input line 106.
))
(/usr/share/texlive/texmf-dist/tex/latex/xcolor/xcolor.sty
Package: xcolor 2023/11/15 v3.01 LaTeX color extensions (UK)

(/usr/share/texlive/texmf-dist/tex/latex/graphics-cfg/color.cfg
File: color.cfg 2016/01/02 v1.6 sample color configuration
)
Package xcolor Info: Driver file: pdftex.def on input line 274.

(/usr/share/texlive/texmf-dist/tex/latex/graphics/mathcolor.ltx)
Package xcolor Info: Model `cmy' substituted by `cmy0' on input line 1350.
Package xcolor Info: Model `hsb' substituted by `rgb' on input line 1354.
Package xcolor Info: Model `RGB' extended on input line 1366.
Package xcolor Info: Model `HTML' substituted by `rgb' on input line 1368.
Package xcolor Info: Model `Hsb' substituted by `hsb' on input line 1369.
Package xcolor Info: Model `tHsb' substituted by `hsb' on input line 1370.
Package xcolor Info: Model `HSB' substituted by `hsb' on input line 1371.
Package xcolor Info: Model `Gray' substituted by `gray' on input line 1372.
Package xcolor Info: Model `wave' substituted by `hsb' on input line 1373.
)
(/usr/share/texlive/texmf-dist/tex/latex/colortbl/colortbl.sty
Package: colortbl 2022/06/20 v1.0f Color table columns (DPC)
\everycr=\toks34
\minrowclearance=\skip75
\rownum=\count317
)

Class scrreprt Warning: Usage of package `titlesec' together
(scrreprt)              with a KOMA-Script class is not recommended.
(scrreprt)              I'd suggest to use KOMA-Script features
(scrreprt)              like \setkomafont, \RedeclareSectionCommand, \sectionli
nesformat
(scrreprt)              and several others to re-configure section
(scrreprt)              headings.
(scrreprt)              Nevertheless, using requested
(scrreprt)              package `titlesec' on input line 65.

(/usr/share/texlive/texmf-dist/tex/latex/titlesec/titlesec.sty
Package: titlesec 2023/10/27 v2.16 Sectioning titles
\ttl@box=\box74
\beforetitleunit=\skip76
\aftertitleunit=\skip77
\ttl@plus=\dimen193
\ttl@minus=\dimen194
\ttl@toksa=\toks35
\titlewidth=\dimen195
\titlewidthlast=\dimen196
\titlewidthfirst=\dimen197


Package titlesec Warning: Non standard sectioning command \section
(titlesec)                detected. Using default spacing and no format.


Package titlesec Warning: Non standard sectioning command \subsection
(titlesec)                detected. Using default spacing and no format.


Package titlesec Warning: Non standard sectioning command \subsubsection
(titlesec)                detected. Using default spacing and no format.


Package titlesec Warning: Non standard sectioning command \paragraph
(titlesec)                detected. Using default spacing and no format.


Package titlesec Warning: Non standard sectioning command \subparagraph
(titlesec)                detected. Using default spacing and no format.

)

Class scrreprt Warning: Usage of package `fancyhdr' together
(scrreprt)              with a KOMA-Script class is not recommended.
(scrreprt)              I'd suggest to use 
(scrreprt)              package `scrlayer' or `scrlayer-scrpage', because
(scrreprt)              they support KOMA-Script classes.
(scrreprt)              With `fancyhdr' several features of class `scrreprt'
(scrreprt)              like options `headsepline', `footsepline' or command
(scrreprt)              `\MakeMarkcase' and the commands `\setkomafont' and
(scrreprt)              `\addtokomafont' for the page style elements need
(scrreprt)              explicite user intervention to work.
(scrreprt)              Nevertheless, using requested
(scrreprt)              package `fancyhdr' on input line 86.

(/usr/share/texlive/texmf-dist/tex/latex/fancyhdr/fancyhdr.sty
Package: fancyhdr 2022/11/09 v4.1 Extensive control of page headers and footers

\f@nch@headwidth=\skip78
\f@nch@O@elh=\skip79
\f@nch@O@erh=\skip80
\f@nch@O@olh=\skip81
\f@nch@O@orh=\skip82
\f@nch@O@elf=\skip83
\f@nch@O@erf=\skip84
\f@nch@O@olf=\skip85
\f@nch@O@orf=\skip86
)
(/usr/share/texlive/texmf-dist/tex/latex/hyperref/hyperref.sty
Package: hyperref 2024-01-20 v7.01h Hypertext links for LaTeX

(/usr/share/texlive/texmf-dist/tex/latex/kvsetkeys/kvsetkeys.sty
Package: kvsetkeys 2022-10-05 v1.19 Key value parser (HO)
)
(/usr/share/texlive/texmf-dist/tex/generic/kvdefinekeys/kvdefinekeys.sty
Package: kvdefinekeys 2019-12-19 v1.6 Define keys (HO)
)
(/usr/share/texlive/texmf-dist/tex/generic/pdfescape/pdfescape.sty
Package: pdfescape 2019/12/09 v1.15 Implements pdfTeX's escape features (HO)
)
(/usr/share/texlive/texmf-dist/tex/latex/hycolor/hycolor.sty
Package: hycolor 2020-01-27 v1.10 Color options for hyperref/bookmark (HO)
)
(/usr/share/texlive/texmf-dist/tex/latex/auxhook/auxhook.sty
Package: auxhook 2019-12-17 v1.6 Hooks for auxiliary files (HO)
)
(/usr/share/texlive/texmf-dist/tex/latex/hyperref/nameref.sty
Package: nameref 2023-11-26 v2.56 Cross-referencing by name of section

(/usr/share/texlive/texmf-dist/tex/latex/refcount/refcount.sty
Package: refcount 2019/12/15 v3.6 Data extraction from label references (HO)
)
(/usr/share/texlive/texmf-dist/tex/generic/gettitlestring/gettitlestring.sty
Package: gettitlestring 2019/12/15 v1.6 Cleanup title references (HO)

(/usr/share/texlive/texmf-dist/tex/latex/kvoptions/kvoptions.sty
Package: kvoptions 2022-06-15 v3.15 Key value format for package options (HO)
))
\c@section@level=\count318
)
\@linkdim=\dimen198
\Hy@linkcounter=\count319
\Hy@pagecounter=\count320

(/usr/share/texlive/texmf-dist/tex/latex/hyperref/pd1enc.def
File: pd1enc.def 2024-01-20 v7.01h Hyperref: PDFDocEncoding definition (HO)
Now handling font encoding PD1 ...
... no UTF-8 mapping file for font encoding PD1
)
(/usr/share/texlive/texmf-dist/tex/generic/intcalc/intcalc.sty
Package: intcalc 2019/12/15 v1.3 Expandable calculations with integers (HO)
)
\Hy@SavedSpaceFactor=\count321

(/usr/share/texlive/texmf-dist/tex/latex/hyperref/puenc.def
File: puenc.def 2024-01-20 v7.01h Hyperref: PDF Unicode definition (HO)
Now handling font encoding PU ...
... no UTF-8 mapping file for font encoding PU
)
Package hyperref Info: Hyper figures OFF on input line 4179.
Package hyperref Info: Link nesting OFF on input line 4184.
Package hyperref Info: Hyper index ON on input line 4187.
Package hyperref Info: Plain pages OFF on input line 4194.
Package hyperref Info: Backreferencing OFF on input line 4199.
Package hyperref Info: Implicit mode ON; LaTeX internals redefined.
Package hyperref Info: Bookmarks ON on input line 4446.
\c@Hy@tempcnt=\count322

(/usr/share/texlive/texmf-dist/tex/latex/url/url.sty
\Urlmuskip=\muskip17
Package: url 2013/09/16  ver 3.4  Verb mode for urls, etc.
)
LaTeX Info: Redefining \url on input line 4784.
\XeTeXLinkMargin=\dimen199

(/usr/share/texlive/texmf-dist/tex/generic/bitset/bitset.sty
Package: bitset 2019/12/09 v1.3 Handle bit-vector datatype (HO)

(/usr/share/texlive/texmf-dist/tex/generic/bigintcalc/bigintcalc.sty
Package: bigintcalc 2019/12/15 v1.5 Expandable calculations on big integers (HO
)
))
\Fld@menulength=\count323
\Field@Width=\dimen256
\Fld@charsize=\dimen257
Package hyperref Info: Hyper figures OFF on input line 6063.
Package hyperref Info: Link nesting OFF on input line 6068.
Package hyperref Info: Hyper index ON on input line 6071.
Package hyperref Info: backreferencing OFF on input line 6078.
Package hyperref Info: Link coloring OFF on input line 6083.
Package hyperref Info: Link coloring with OCG OFF on input line 6088.
Package hyperref Info: PDF/A mode OFF on input line 6093.

(/usr/share/texlive/texmf-dist/tex/latex/base/atbegshi-ltx.sty
Package: atbegshi-ltx 2021/01/10 v1.0c Emulation of the original atbegshi
package with kernel methods
)
\Hy@abspage=\count324
\c@Item=\count325
\c@Hfootnote=\count326
)
Package hyperref Info: Driver (autodetected): hpdftex.

(/usr/share/texlive/texmf-dist/tex/latex/hyperref/hpdftex.def
File: hpdftex.def 2024-01-20 v7.01h Hyperref driver for pdfTeX

(/usr/share/texlive/texmf-dist/tex/latex/base/atveryend-ltx.sty
Package: atveryend-ltx 2020/08/19 v1.0a Emulation of the original atveryend pac
kage
with kernel methods
)
\Fld@listcount=\count327
\c@bookmark@seq@number=\count328

(/usr/share/texlive/texmf-dist/tex/latex/rerunfilecheck/rerunfilecheck.sty
Package: rerunfilecheck 2022-07-10 v1.10 Rerun checks for auxiliary files (HO)

(/usr/share/texlive/texmf-dist/tex/generic/uniquecounter/uniquecounter.sty
Package: uniquecounter 2019/12/15 v1.4 Provide unlimited unique counter (HO)
)
Package uniquecounter Info: New unique counter `rerunfilecheck' on input line 2
85.
)
\Hy@SectionHShift=\skip87
)
(/usr/share/texlive/texmf-dist/tex/latex/xurl/xurl.sty
Package: xurl 2022/01/09 v 0.10 modify URL breaks
)
(/usr/share/texlive/texmf-dist/tex/latex/bookmark/bookmark.sty
Package: bookmark 2023-12-10 v1.31 PDF bookmarks (HO)

(/usr/share/texlive/texmf-dist/tex/latex/bookmark/bkm-pdftex.def
File: bkm-pdftex.def 2023-12-10 v1.31 bookmark driver for pdfTeX and luaTeX (HO
)
\BKM@id=\count329
))
(/usr/share/texlive/texmf-dist/tex/latex/biblatex/biblatex.sty
Package: biblatex 2023/03/05 v3.19 programmable bibliographies (PK/MW)

(/usr/share/texlive/texmf-dist/tex/latex/logreq/logreq.sty
Package: logreq 2010/08/04 v1.0 xml request logger
\lrq@indent=\count330

(/usr/share/texlive/texmf-dist/tex/latex/logreq/logreq.def
File: logreq.def 2010/08/04 v1.0 logreq spec v1.0
))
(/usr/share/texlive/texmf-dist/tex/latex/base/ifthen.sty
Package: ifthen 2022/04/13 v1.1d Standard LaTeX ifthen package (DPC)
)
\c@tabx@nest=\count331
\c@listtotal=\count332
\c@listcount=\count333
\c@liststart=\count334
\c@liststop=\count335
\c@citecount=\count336
\c@citetotal=\count337
\c@multicitecount=\count338
\c@multicitetotal=\count339
\c@instcount=\count340
\c@maxnames=\count341
\c@minnames=\count342
\c@maxitems=\count343
\c@minitems=\count344
\c@citecounter=\count345
\c@maxcitecounter=\count346
\c@savedcitecounter=\count347
\c@uniquelist=\count348
\c@uniquename=\count349
\c@refsection=\count350
\c@refsegment=\count351
\c@maxextratitle=\count352
\c@maxextratitleyear=\count353
\c@maxextraname=\count354
\c@maxextradate=\count355
\c@maxextraalpha=\count356
\c@abbrvpenalty=\count357
\c@highnamepenalty=\count358
\c@lownamepenalty=\count359
\c@maxparens=\count360
\c@parenlevel=\count361
\blx@tempcnta=\count362
\blx@tempcntb=\count363
\blx@tempcntc=\count364
\c@blx@maxsection=\count365
\blx@maxsegment@0=\count366
\blx@notetype=\count367
\blx@parenlevel@text=\count368
\blx@parenlevel@foot=\count369
\blx@sectionciteorder@0=\count370
\blx@sectionciteorderinternal@0=\count371
\blx@entrysetcounter=\count372
\blx@biblioinstance=\count373
\labelnumberwidth=\skip88
\labelalphawidth=\skip89
\biblabelsep=\skip90
\bibitemsep=\skip91
\bibnamesep=\skip92
\bibinitsep=\skip93
\bibparsep=\skip94
\bibhang=\skip95
\blx@bcfin=\read3
\blx@bcfout=\write3
\blx@langwohyphens=\language90
\c@mincomprange=\count374
\c@maxcomprange=\count375
\c@mincompwidth=\count376
Package biblatex Info: Trying to load biblatex default data model...
Package biblatex Info: ... file 'blx-dm.def' found.

(/usr/share/texlive/texmf-dist/tex/latex/biblatex/blx-dm.def
File: blx-dm.def 2023/03/05 v3.19 biblatex localization (PK/MW)
)
Package biblatex Info: Trying to load biblatex style data model...
Package biblatex Info: ... file 'authoryear.dbx' not found.
Package biblatex Info: Trying to load biblatex custom data model...
Package biblatex Info: ... file 'biblatex-dm.cfg' not found.
\c@afterword=\count377
\c@savedafterword=\count378
\c@annotator=\count379
\c@savedannotator=\count380
\c@author=\count381
\c@savedauthor=\count382
\c@bookauthor=\count383
\c@savedbookauthor=\count384
\c@commentator=\count385
\c@savedcommentator=\count386
\c@editor=\count387
\c@savededitor=\count388
\c@editora=\count389
\c@savededitora=\count390
\c@editorb=\count391
\c@savededitorb=\count392
\c@editorc=\count393
\c@savededitorc=\count394
\c@foreword=\count395
\c@savedforeword=\count396
\c@holder=\count397
\c@savedholder=\count398
\c@introduction=\count399
\c@savedintroduction=\count400
\c@namea=\count401
\c@savednamea=\count402
\c@nameb=\count403
\c@savednameb=\count404
\c@namec=\count405
\c@savednamec=\count406
\c@translator=\count407
\c@savedtranslator=\count408
\c@shortauthor=\count409
\c@savedshortauthor=\count410
\c@shorteditor=\count411
\c@savedshorteditor=\count412
\c@labelname=\count413
\c@savedlabelname=\count414
\c@institution=\count415
\c@savedinstitution=\count416
\c@lista=\count417
\c@savedlista=\count418
\c@listb=\count419
\c@savedlistb=\count420
\c@listc=\count421
\c@savedlistc=\count422
\c@listd=\count423
\c@savedlistd=\count424
\c@liste=\count425
\c@savedliste=\count426
\c@listf=\count427
\c@savedlistf=\count428
\c@location=\count429
\c@savedlocation=\count430
\c@organization=\count431
\c@savedorganization=\count432
\c@origlocation=\count433
\c@savedoriglocation=\count434
\c@origpublisher=\count435
\c@savedorigpublisher=\count436
\c@publisher=\count437
\c@savedpublisher=\count438
\c@language=\count439
\c@savedlanguage=\count440
\c@origlanguage=\count441
\c@savedoriglanguage=\count442
\c@pageref=\count443
\c@savedpageref=\count444
\shorthandwidth=\skip96
\shortjournalwidth=\skip97
\shortserieswidth=\skip98
\shorttitlewidth=\skip99
\shortauthorwidth=\skip100
\shorteditorwidth=\skip101
\locallabelnumberwidth=\skip102
\locallabelalphawidth=\skip103
\localshorthandwidth=\skip104
\localshortjournalwidth=\skip105
\localshortserieswidth=\skip106
\localshorttitlewidth=\skip107
\localshortauthorwidth=\skip108
\localshorteditorwidth=\skip109
Package biblatex Info: Trying to load compatibility code...
Package biblatex Info: ... file 'blx-compat.def' found.

(/usr/share/texlive/texmf-dist/tex/latex/biblatex/blx-compat.def
File: blx-compat.def 2023/03/05 v3.19 biblatex compatibility (PK/MW)
)
Package biblatex Info: Trying to load generic definitions...
Package biblatex Info: ... file 'biblatex.def' found.

(/usr/share/texlive/texmf-dist/tex/latex/biblatex/biblatex.def
File: biblatex.def 2023/03/05 v3.19 biblatex compatibility (PK/MW)
\c@textcitecount=\count445
\c@textcitetotal=\count446
\c@textcitemaxnames=\count447
\c@biburlbigbreakpenalty=\count448
\c@biburlbreakpenalty=\count449
\c@biburlnumpenalty=\count450
\c@biburlucpenalty=\count451
\c@biburllcpenalty=\count452
\biburlbigskip=\muskip18
\biburlnumskip=\muskip19
\biburlucskip=\muskip20
\biburllcskip=\muskip21
\c@smartand=\count453
)
Package biblatex Info: Trying to load bibliography style 'authoryear'...
Package biblatex Info: ... file 'authoryear.bbx' found.

(/usr/share/texlive/texmf-dist/tex/latex/biblatex/bbx/authoryear.bbx
File: authoryear.bbx 2023/03/05 v3.19 biblatex bibliography style (PK/MW)
Package biblatex Info: Trying to load bibliography style 'standard'...
Package biblatex Info: ... file 'standard.bbx' found.

(/usr/share/texlive/texmf-dist/tex/latex/biblatex/bbx/standard.bbx
File: standard.bbx 2023/03/05 v3.19 biblatex bibliography style (PK/MW)
\c@bbx:relatedcount=\count454
\c@bbx:relatedtotal=\count455
))
Package biblatex Info: Trying to load citation style 'authoryear'...
Package biblatex Info: ... file 'authoryear.cbx' found.

(/usr/share/texlive/texmf-dist/tex/latex/biblatex/cbx/authoryear.cbx
File: authoryear.cbx 2023/03/05 v3.19 biblatex citation style (PK/MW)
Package biblatex Info: Redefining '\cite'.
Package biblatex Info: Redefining '\parencite'.
Package biblatex Info: Redefining '\footcite'.
Package biblatex Info: Redefining '\footcitetext'.
Package biblatex Info: Redefining '\smartcite'.
Package biblatex Info: Redefining '\textcite'.
Package biblatex Info: Redefining '\textcites'.
)
Package biblatex Info: Trying to load configuration file...
Package biblatex Info: ... file 'biblatex.cfg' found.

(/usr/share/texlive/texmf-dist/tex/latex/biblatex/biblatex.cfg
File: biblatex.cfg 
)
Package biblatex Info: Input encoding 'utf8' detected.
Package biblatex Info: Document encoding is UTF8 ....
Package biblatex Info: ... and expl3
(biblatex)             2024-01-22 L3 programming layer (loader) 
(biblatex)             is new enough (at least 2020/04/06),
(biblatex)             setting 'casechanger=expl3'.

(/usr/share/texlive/texmf-dist/tex/latex/biblatex/blx-case-expl3.sty
Package: blx-case-expl3 2023/03/05 v3.19 expl3 case changing code for biblatex
))
Package hyperref Info: Option `colorlinks' set `true' on input line 137.
Package csquotes Info: Checking for multilingual support...
Package csquotes Info: ... found 'babel' package.
Package csquotes Info: Adjusting default style.
Package csquotes Info: Redefining alias 'default' -> 'ngerman'.
LaTeX Font Info:    Trying to load font information for T1+Crlt-OsF on input li
ne 150.

(/usr/share/texlive/texmf-dist/tex/latex/carlito/T1Crlt-OsF.fd
File: T1Crlt-OsF.fd 2022/10/05 (autoinst) Font definitions for T1/Crlt-OsF.
) (./main.aux)
\openout1 = `main.aux'.

LaTeX Font Info:    Checking defaults for OML/cmm/m/it on input line 150.
LaTeX Font Info:    ... okay on input line 150.
LaTeX Font Info:    Checking defaults for OMS/cmsy/m/n on input line 150.
LaTeX Font Info:    ... okay on input line 150.
LaTeX Font Info:    Checking defaults for OT1/cmr/m/n on input line 150.
LaTeX Font Info:    ... okay on input line 150.
LaTeX Font Info:    Checking defaults for T1/cmr/m/n on input line 150.
LaTeX Font Info:    ... okay on input line 150.
LaTeX Font Info:    Checking defaults for TS1/cmr/m/n on input line 150.
LaTeX Font Info:    ... okay on input line 150.
LaTeX Font Info:    Checking defaults for OMX/cmex/m/n on input line 150.
LaTeX Font Info:    ... okay on input line 150.
LaTeX Font Info:    Checking defaults for U/cmr/m/n on input line 150.
LaTeX Font Info:    ... okay on input line 150.
LaTeX Font Info:    Checking defaults for PD1/pdf/m/n on input line 150.
LaTeX Font Info:    ... okay on input line 150.
LaTeX Font Info:    Checking defaults for PU/pdf/m/n on input line 150.
LaTeX Font Info:    ... okay on input line 150.
\c@mv@tabular=\count456
\c@mv@boldtabular=\count457

*geometry* driver: auto-detecting
*geometry* detected driver: pdftex
*geometry* verbose mode - [ preamble ] result:
* driver: pdftex
* paper: a4paper
* layout: <same size as paper>
* layoutoffset:(h,v)=(0.0pt,0.0pt)
* modes: 
* h-part:(L,W,R)=(71.13188pt, 455.24411pt, 71.13188pt)
* v-part:(T,H,B)=(71.13188pt, 702.78308pt, 71.13188pt)
* \paperwidth=597.50787pt
* \paperheight=845.04684pt
* \textwidth=455.24411pt
* \textheight=702.78308pt
* \oddsidemargin=-1.1381pt
* \evensidemargin=-1.1381pt
* \topmargin=-57.53812pt
* \headheight=36.0pt
* \headsep=20.40001pt
* \topskip=11.0pt
* \footskip=47.6pt
* \marginparwidth=59.7508pt
* \marginparsep=12.8401pt
* \columnsep=10.0pt
* \skip\footins=10.0pt plus 4.0pt minus 2.0pt
* \hoffset=0.0pt
* \voffset=0.0pt
* \mag=1000
* \@twocolumnfalse
* \@twosidefalse
* \@mparswitchfalse
* \@reversemarginfalse
* (1in=72.27pt=25.4mm, 1cm=28.453pt)

(/usr/share/texlive/texmf-dist/tex/context/base/mkii/supp-pdf.mkii
[Loading MPS to PDF converter (version 2006.09.02).]
\scratchcounter=\count458
\scratchdimen=\dimen258
\scratchbox=\box75
\nofMPsegments=\count459
\nofMParguments=\count460
\everyMPshowfont=\toks36
\MPscratchCnt=\count461
\MPscratchDim=\dimen259
\MPnumerator=\count462
\makeMPintoPDFobject=\count463
\everyMPtoPDFconversion=\toks37
) (/usr/share/texlive/texmf-dist/tex/latex/epstopdf-pkg/epstopdf-base.sty
Package: epstopdf-base 2020-01-24 v2.11 Base part for package epstopdf
Package epstopdf-base Info: Redefining graphics rule for `.eps' on input line 4
85.

(/usr/share/texlive/texmf-dist/tex/latex/latexconfig/epstopdf-sys.cfg
File: epstopdf-sys.cfg 2010/07/13 v1.3 Configuration of (r)epstopdf for TeX Liv
e
))
Package caption Info: Begin \AtBeginDocument code.
Package caption Info: hyperref package is loaded.
Package caption Info: longtable package is loaded.

(/usr/share/texlive/texmf-dist/tex/latex/caption/ltcaption.sty
Package: ltcaption 2021/01/08 v1.4c longtable captions (AR)
)
Package caption Info: End \AtBeginDocument code.

(/usr/share/texlive/texmf-dist/tex/latex/translations/translations-basic-dictio
nary-german.trsl
File: translations-basic-dictionary-german.trsl (german translation file `trans
lations-basic-dictionary')
)
Package translations Info: loading dictionary `translations-basic-dictionary' f
or `german'. on input line 150.
Package hyperref Info: Link coloring ON on input line 150.
Package biblatex Info: Trying to load language 'ngerman'...
Package biblatex Info: ... file 'ngerman.lbx' found.

(/usr/share/texlive/texmf-dist/tex/latex/biblatex/lbx/ngerman.lbx
File: ngerman.lbx 2023/03/05 v3.19 biblatex localization (PK/MW)
Package biblatex Info: Trying to load language 'german'...
Package biblatex Info: ... file 'german.lbx' found.

(/usr/share/texlive/texmf-dist/tex/latex/biblatex/lbx/german.lbx
File: german.lbx 2023/03/05 v3.19 biblatex localization (PK/MW)
)
Package biblatex Info: Trying to load language 'german'...
Package biblatex Info: ... file 'german.lbx' found.

(/usr/share/texlive/texmf-dist/tex/latex/biblatex/lbx/german.lbx
File: german.lbx 2023/03/05 v3.19 biblatex localization (PK/MW)
))
Package biblatex Info: Input encoding 'utf8' detected.
Package biblatex Info: Automatic encoding selection.
(biblatex)             Assuming data encoding 'utf8'.
\openout3 = `main.bcf'.

Package biblatex Info: Trying to load bibliographic data...
Package biblatex Info: ... file 'main.bbl' found.
 (./main.bbl)
Package biblatex Info: Reference section=0 on input line 150.
Package biblatex Info: Reference segment=0 on input line 150.
<logos/UIREKA_logo_trim.png, id=4, 222.1098pt x 57.3342pt>
File: logos/UIREKA_logo_trim.png Graphic file (type png)
<use logos/UIREKA_logo_trim.png>
Package pdftex.def Info: logos/UIREKA_logo_trim.png  used on input line 159.
(pdftex.def)             Requested size: 165.34152pt x 42.67912pt.
LaTeX Font Info:    Trying to load font information for U+msa on input line 160
.
(/usr/share/texlive/texmf-dist/tex/latex/amsfonts/umsa.fd
File: umsa.fd 2013/01/14 v3.01 AMS symbols A
)
LaTeX Font Info:    Trying to load font information for U+msb on input line 160
.

(/usr/share/texlive/texmf-dist/tex/latex/amsfonts/umsb.fd
File: umsb.fd 2013/01/14 v3.01 AMS symbols B
)
<logos/FUAS_logo_trim.jpg, id=5, 720.6925pt x 290.08376pt>
File: logos/FUAS_logo_trim.jpg Graphic file (type jpg)
<use logos/FUAS_logo_trim.jpg>
Package pdftex.def Info: logos/FUAS_logo_trim.jpg  used on input line 164.
(pdftex.def)             Requested size: 134.30475pt x 54.06006pt.
LaTeX Font Info:    Trying to load font information for T1+Caladea-TLF on input
 line 170.

(/usr/share/texlive/texmf-dist/tex/latex/caladea/T1Caladea-TLF.fd
File: T1Caladea-TLF.fd 2014/08/17 (autoinst) Font definitions for T1/Caladea-TL
F.
)
LaTeX Font Info:    Font shape `T1/Caladea-TLF/b/n' will be
(Font)              scaled to size 24.88pt on input line 170.
<figures/front_page.jpg, id=6, 2874.74pt x 1601.985pt>
File: figures/front_page.jpg Graphic file (type jpg)
<use figures/front_page.jpg>
Package pdftex.def Info: figures/front_page.jpg  used on input line 183.
(pdftex.def)             Requested size: 341.43307pt x 190.24991pt.
 [1



{/var/lib/texmf/fonts/map/pdftex/updmap/pdftex.map}{/usr/share/texlive/texmf-di
st/fonts/enc/dvips/caladea/cld_fjy5hl.enc}{/usr/share/texlive/texmf-dist/fonts/
enc/dvips/carlito/crlt_hsqwq5.enc} <./logos/UIREKA_logo_trim.png> <./logos/FUAS
_logo_trim.jpg> <./figures/front_page.jpg>]

Class scrreprt Warning: Redefinition of \@makeschapterhead detected.
(scrreprt)              Note: KOMA-Script does use styles for commands like
(scrreprt)              \chapter. Currently it internally still provides and
(scrreprt)              uses \@makeschapterhead, but a completely different
(scrreprt)              definition compared to the standard classes.
(scrreprt)              So redefining or using internal \@makeschapterhead
(scrreprt)              by users or package authors may already break
(scrreprt)              KOMA-Script and will not work with a coming version,
(scrreprt)              that will remove this deprecated code.


Class scrreprt Warning: Redefinition of \@makeschapterhead detected.
(scrreprt)              Note: KOMA-Script does use styles for commands like
(scrreprt)              \chapter. Currently it internally still provides and
(scrreprt)              uses \@makeschapterhead, but a completely different
(scrreprt)              definition compared to the standard classes.
(scrreprt)              So redefining or using internal \@makeschapterhead
(scrreprt)              by users or package authors may already break
(scrreprt)              KOMA-Script and will not work with a coming version,
(scrreprt)              that will remove this deprecated code.

File: logos/UIREKA_logo_trim.png Graphic file (type png)
<use logos/UIREKA_logo_trim.png>
Package pdftex.def Info: logos/UIREKA_logo_trim.png  used on input line 225.
(pdftex.def)             Requested size: 82.66736pt x 21.33955pt.
File: logos/FUAS_logo_trim.jpg Graphic file (type jpg)
<use logos/FUAS_logo_trim.jpg>
Package pdftex.def Info: logos/FUAS_logo_trim.jpg  used on input line 225.
(pdftex.def)             Requested size: 53.0159pt x 21.33955pt.
[1] (./main.toc
File: logos/UIREKA_logo_trim.png Graphic file (type png)
<use logos/UIREKA_logo_trim.png>
Package pdftex.def Info: logos/UIREKA_logo_trim.png  used on input line 35.
(pdftex.def)             Requested size: 82.66736pt x 21.33955pt.
File: logos/FUAS_logo_trim.jpg Graphic file (type jpg)
<use logos/FUAS_logo_trim.jpg>
Package pdftex.def Info: logos/FUAS_logo_trim.jpg  used on input line 35.
(pdftex.def)             Requested size: 53.0159pt x 21.33955pt.
 [2])
\tf@toc=\write4
\openout4 = `main.toc'.



Class scrreprt Warning: Redefinition of \@makeschapterhead detected.
(scrreprt)              Note: KOMA-Script does use styles for commands like
(scrreprt)              \chapter. Currently it internally still provides and
(scrreprt)              uses \@makeschapterhead, but a completely different
(scrreprt)              definition compared to the standard classes.
(scrreprt)              So redefining or using internal \@makeschapterhead
(scrreprt)              by users or package authors may already break
(scrreprt)              KOMA-Script and will not work with a coming version,
(scrreprt)              that will remove this deprecated code.

(./main.lof)
\tf@lof=\write5
\openout5 = `main.lof'.



Class scrreprt Warning: Redefinition of \@makeschapterhead detected.
(scrreprt)              Note: KOMA-Script does use styles for commands like
(scrreprt)              \chapter. Currently it internally still provides and
(scrreprt)              uses \@makeschapterhead, but a completely different
(scrreprt)              definition compared to the standard classes.
(scrreprt)              So redefining or using internal \@makeschapterhead
(scrreprt)              by users or package authors may already break
(scrreprt)              KOMA-Script and will not work with a coming version,
(scrreprt)              that will remove this deprecated code.

(./main.lot
File: logos/UIREKA_logo_trim.png Graphic file (type png)
<use logos/UIREKA_logo_trim.png>
Package pdftex.def Info: logos/UIREKA_logo_trim.png  used on input line 9.
(pdftex.def)             Requested size: 82.66736pt x 21.33955pt.
File: logos/FUAS_logo_trim.jpg Graphic file (type jpg)
<use logos/FUAS_logo_trim.jpg>
Package pdftex.def Info: logos/FUAS_logo_trim.jpg  used on input line 9.
(pdftex.def)             Requested size: 53.0159pt x 21.33955pt.
 [3])
\tf@lot=\write6
\openout6 = `main.lot'.



Class scrreprt Warning: Redefinition of \@makeschapterhead detected.
(scrreprt)              Note: KOMA-Script does use styles for commands like
(scrreprt)              \chapter. Currently it internally still provides and
(scrreprt)              uses \@makeschapterhead, but a completely different
(scrreprt)              definition compared to the standard classes.
(scrreprt)              So redefining or using internal \@makeschapterhead
(scrreprt)              by users or package authors may already break
(scrreprt)              KOMA-Script and will not work with a coming version,
(scrreprt)              that will remove this deprecated code.

File: logos/UIREKA_logo_trim.png Graphic file (type png)
<use logos/UIREKA_logo_trim.png>
Package pdftex.def Info: logos/UIREKA_logo_trim.png  used on input line 248.
(pdftex.def)             Requested size: 82.66736pt x 21.33955pt.
File: logos/FUAS_logo_trim.jpg Graphic file (type jpg)
<use logos/FUAS_logo_trim.jpg>
Package pdftex.def Info: logos/FUAS_logo_trim.jpg  used on input line 248.
(pdftex.def)             Requested size: 53.0159pt x 21.33955pt.
[4]
chapter 1.

Class scrreprt Warning: \float@addtolists detected!
(scrreprt)              Implementation of \float@addtolist became
(scrreprt)              deprecated in KOMA-Script v3.01 2008/11/14 and
(scrreprt)              has been replaced by several more flexible
(scrreprt)              features of package `tocbasic`.
(scrreprt)              Since Version 3.12 support for deprecated
(scrreprt)              \float@addtolist interface has been
(scrreprt)              restricted to only some of the KOMA-Script
(scrreprt)              features and been removed from others.
(scrreprt)              Loading of package `scrhack' may help to
(scrreprt)              avoid this warning, if you are using a
(scrreprt)              a package that still implements the
(scrreprt)              deprecated \float@addtolist interface.


Class scrreprt Warning: Redefinition of \@makechapterhead detected.
(scrreprt)              Note: KOMA-Script does use styles for commands like
(scrreprt)              \chapter. Currently it internally still provides and
(scrreprt)              uses \@makechapterhead, but a completely different
(scrreprt)              definition compared to the standard classes.
(scrreprt)              So redefining or using internal \@makechapterhead
(scrreprt)              by users or package authors may already break
(scrreprt)              KOMA-Script and will not work with a coming version,
(scrreprt)              that will remove this deprecated code.

File: logos/UIREKA_logo_trim.png Graphic file (type png)
<use logos/UIREKA_logo_trim.png>
Package pdftex.def Info: logos/UIREKA_logo_trim.png  used on input line 270.
(pdftex.def)             Requested size: 82.66736pt x 21.33955pt.
File: logos/FUAS_logo_trim.jpg Graphic file (type jpg)
<use logos/FUAS_logo_trim.jpg>
Package pdftex.def Info: logos/FUAS_logo_trim.jpg  used on input line 270.
(pdftex.def)             Requested size: 53.0159pt x 21.33955pt.

pdfTeX warning (ext4): destination with the same identifier (name{page.1}) has 
been already used, duplicate ignored
<to be read again> 
                   \relax 
l.270 
       [1

]
chapter 2.

Class scrreprt Warning: Redefinition of \@makechapterhead detected.
(scrreprt)              Note: KOMA-Script does use styles for commands like
(scrreprt)              \chapter. Currently it internally still provides and
(scrreprt)              uses \@makechapterhead, but a completely different
(scrreprt)              definition compared to the standard classes.
(scrreprt)              So redefining or using internal \@makechapterhead
(scrreprt)              by users or package authors may already break
(scrreprt)              KOMA-Script and will not work with a coming version,
(scrreprt)              that will remove this deprecated code.

<figures/fig01_uebersichtskarte.jpg, id=155, 808.20253pt x 608.69662pt>
File: figures/fig01_uebersichtskarte.jpg Graphic file (type jpg)
<use figures/fig01_uebersichtskarte.jpg>
Package pdftex.def Info: figures/fig01_uebersichtskarte.jpg  used on input line
 279.
(pdftex.def)             Requested size: 386.96027pt x 291.43732pt.
File: logos/UIREKA_logo_trim.png Graphic file (type png)
<use logos/UIREKA_logo_trim.png>
Package pdftex.def Info: logos/UIREKA_logo_trim.png  used on input line 285.
(pdftex.def)             Requested size: 82.66736pt x 21.33955pt.
File: logos/FUAS_logo_trim.jpg Graphic file (type jpg)
<use logos/FUAS_logo_trim.jpg>
Package pdftex.def Info: logos/FUAS_logo_trim.jpg  used on input line 285.
(pdftex.def)             Requested size: 53.0159pt x 21.33955pt.
[2 <./figures/fig01_uebersichtskarte.jpg>]
<figures/fig02_bewertungstabelle.jpg, id=165, 1660.2025pt x 953.5625pt>
File: figures/fig02_bewertungstabelle.jpg Graphic file (type jpg)
<use figures/fig02_bewertungstabelle.jpg>
Package pdftex.def Info: figures/fig02_bewertungstabelle.jpg  used on input lin
e 290.
(pdftex.def)             Requested size: 455.24411pt x 261.46661pt.
File: logos/UIREKA_logo_trim.png Graphic file (type png)
<use logos/UIREKA_logo_trim.png>
Package pdftex.def Info: logos/UIREKA_logo_trim.png  used on input line 304.
(pdftex.def)             Requested size: 82.66736pt x 21.33955pt.
File: logos/FUAS_logo_trim.jpg Graphic file (type jpg)
<use logos/FUAS_logo_trim.jpg>
Package pdftex.def Info: logos/FUAS_logo_trim.jpg  used on input line 304.
(pdftex.def)             Requested size: 53.0159pt x 21.33955pt.
 [3 <./figures/fig02_bewertungstabelle.jpg>]
chapter 3.

Class scrreprt Warning: Redefinition of \@makechapterhead detected.
(scrreprt)              Note: KOMA-Script does use styles for commands like
(scrreprt)              \chapter. Currently it internally still provides and
(scrreprt)              uses \@makechapterhead, but a completely different
(scrreprt)              definition compared to the standard classes.
(scrreprt)              So redefining or using internal \@makechapterhead
(scrreprt)              by users or package authors may already break
(scrreprt)              KOMA-Script and will not work with a coming version,
(scrreprt)              that will remove this deprecated code.

<figures/fig03_stift_tilbeck_bezugspunkte.jpg, id=171, 1489.69452pt x 716.48323
pt>
File: figures/fig03_stift_tilbeck_bezugspunkte.jpg Graphic file (type jpg)
<use figures/fig03_stift_tilbeck_bezugspunkte.jpg>
Package pdftex.def Info: figures/fig03_stift_tilbeck_bezugspunkte.jpg  used on 
input line 318.
(pdftex.def)             Requested size: 386.96027pt x 186.10632pt.
File: logos/UIREKA_logo_trim.png Graphic file (type png)
<use logos/UIREKA_logo_trim.png>
Package pdftex.def Info: logos/UIREKA_logo_trim.png  used on input line 325.
(pdftex.def)             Requested size: 82.66736pt x 21.33955pt.
File: logos/FUAS_logo_trim.jpg Graphic file (type jpg)
<use logos/FUAS_logo_trim.jpg>
Package pdftex.def Info: logos/FUAS_logo_trim.jpg  used on input line 325.
(pdftex.def)             Requested size: 53.0159pt x 21.33955pt.
[4 <./figures/fig03_stift_tilbeck_bezugspunkte.jpg>]
<figures/fig04_restaurants_landwirtschaft.jpg, id=182, 1488.91742pt x 712.59775
pt>
File: figures/fig04_restaurants_landwirtschaft.jpg Graphic file (type jpg)
<use figures/fig04_restaurants_landwirtschaft.jpg>
Package pdftex.def Info: figures/fig04_restaurants_landwirtschaft.jpg  used on 
input line 334.
(pdftex.def)             Requested size: 386.96027pt x 185.19493pt.
File: logos/UIREKA_logo_trim.png Graphic file (type png)
<use logos/UIREKA_logo_trim.png>
Package pdftex.def Info: logos/UIREKA_logo_trim.png  used on input line 346.
(pdftex.def)             Requested size: 82.66736pt x 21.33955pt.
File: logos/FUAS_logo_trim.jpg Graphic file (type jpg)
<use logos/FUAS_logo_trim.jpg>
Package pdftex.def Info: logos/FUAS_logo_trim.jpg  used on input line 346.
(pdftex.def)             Requested size: 53.0159pt x 21.33955pt.
 [5 <./figures/fig04_restaurants_landwirtschaft.jpg>]
chapter 4.

Class scrreprt Warning: Redefinition of \@makechapterhead detected.
(scrreprt)              Note: KOMA-Script does use styles for commands like
(scrreprt)              \chapter. Currently it internally still provides and
(scrreprt)              uses \@makechapterhead, but a completely different
(scrreprt)              definition compared to the standard classes.
(scrreprt)              So redefining or using internal \@makechapterhead
(scrreprt)              by users or package authors may already break
(scrreprt)              KOMA-Script and will not work with a coming version,
(scrreprt)              that will remove this deprecated code.

File: logos/UIREKA_logo_trim.png Graphic file (type png)
<use logos/UIREKA_logo_trim.png>
Package pdftex.def Info: logos/UIREKA_logo_trim.png  used on input line 366.
(pdftex.def)             Requested size: 82.66736pt x 21.33955pt.
File: logos/FUAS_logo_trim.jpg Graphic file (type jpg)
<use logos/FUAS_logo_trim.jpg>
Package pdftex.def Info: logos/FUAS_logo_trim.jpg  used on input line 366.
(pdftex.def)             Requested size: 53.0159pt x 21.33955pt.
[6]
<figures/fig05_routenvergleich_auto_rad.jpg, id=218, 1458.44875pt x 1466.47874p
t>
File: figures/fig05_routenvergleich_auto_rad.jpg Graphic file (type jpg)
<use figures/fig05_routenvergleich_auto_rad.jpg>
Package pdftex.def Info: figures/fig05_routenvergleich_auto_rad.jpg  used on in
put line 377.
(pdftex.def)             Requested size: 250.38564pt x 251.75952pt.
LaTeX Font Info:    Trying to load font information for T1+cmtt on input line 3
78.
 (/usr/share/texlive/texmf-dist/tex/latex/base/t1cmtt.fd
File: t1cmtt.fd 2023/04/13 v2.5m Standard LaTeX font definitions
)
Underfull \hbox (badness 10000) in paragraph at lines 403--403
[]|\T1/Crlt-OsF/m/n/10 Trennung vom Kfz-
 []


Overfull \hbox (1.49919pt too wide) in paragraph at lines 405--405
[]|\T1/Crlt-OsF/m/n/10 Zugangsbeschränkung| 
 []


Underfull \hbox (badness 10000) in paragraph at lines 405--405
[]|\T1/Crlt-OsF/m/n/10 Fu˙gänger+Rad/Erlaubnis/Anwohner = 10,
 []

File: logos/UIREKA_logo_trim.png Graphic file (type png)
<use logos/UIREKA_logo_trim.png>
Package pdftex.def Info: logos/UIREKA_logo_trim.png  used on input line 409.
(pdftex.def)             Requested size: 82.66736pt x 21.33955pt.
File: logos/FUAS_logo_trim.jpg Graphic file (type jpg)
<use logos/FUAS_logo_trim.jpg>
Package pdftex.def Info: logos/FUAS_logo_trim.jpg  used on input line 409.
(pdftex.def)             Requested size: 53.0159pt x 21.33955pt.
[7]
<figures/fig06_pavement_werte.jpg, id=242, 1286.8075pt x 838.13126pt>
File: figures/fig06_pavement_werte.jpg Graphic file (type jpg)
<use figures/fig06_pavement_werte.jpg>
Package pdftex.def Info: figures/fig06_pavement_werte.jpg  used on input line 4
16.
(pdftex.def)             Requested size: 295.90588pt x 192.72777pt.
<figures/fig07_bikescore_werte.jpg, id=247, 2369.85374pt x 1565.85pt>
File: figures/fig07_bikescore_werte.jpg Graphic file (type jpg)
<use figures/fig07_bikescore_werte.jpg>
Package pdftex.def Info: figures/fig07_bikescore_werte.jpg  used on input line 
423.
(pdftex.def)             Requested size: 295.90588pt x 195.51573pt.
<figures/fig08_radinfrastruktur.jpg, id=254, 2066.72125pt x 976.64874pt>
File: figures/fig08_radinfrastruktur.jpg Graphic file (type jpg)
<use figures/fig08_radinfrastruktur.jpg>
Package pdftex.def Info: figures/fig08_radinfrastruktur.jpg  used on input line
 442.
(pdftex.def)             Requested size: 341.43307pt x 161.34872pt.
<figures/fig09_routenvergleich_ortskern.jpg, id=260, 1610.015pt x 1309.89375pt>

File: figures/fig09_routenvergleich_ortskern.jpg Graphic file (type jpg)
<use figures/fig09_routenvergleich_ortskern.jpg>
Package pdftex.def Info: figures/fig09_routenvergleich_ortskern.jpg  used on in
put line 451.
(pdftex.def)             Requested size: 250.38564pt x 203.711pt.


Package hyperref Warning: Token not allowed in a PDF string (Unicode):
(hyperref)                removing `\mathsurround' on input line 456.


Package hyperref Warning: Token not allowed in a PDF string (Unicode):
(hyperref)                removing `\z@' on input line 456.


Package hyperref Warning: Token not allowed in a PDF string (Unicode):
(hyperref)                removing `subscript' on input line 456.

File: logos/UIREKA_logo_trim.png Graphic file (type png)
<use logos/UIREKA_logo_trim.png>
Package pdftex.def Info: logos/UIREKA_logo_trim.png  used on input line 459.
(pdftex.def)             Requested size: 82.66736pt x 21.33955pt.
File: logos/FUAS_logo_trim.jpg Graphic file (type jpg)
<use logos/FUAS_logo_trim.jpg>
Package pdftex.def Info: logos/FUAS_logo_trim.jpg  used on input line 459.
(pdftex.def)             Requested size: 53.0159pt x 21.33955pt.
[8]
File: logos/UIREKA_logo_trim.png Graphic file (type png)
<use logos/UIREKA_logo_trim.png>
Package pdftex.def Info: logos/UIREKA_logo_trim.png  used on input line 459.
(pdftex.def)             Requested size: 82.66736pt x 21.33955pt.
File: logos/FUAS_logo_trim.jpg Graphic file (type jpg)
<use logos/FUAS_logo_trim.jpg>
Package pdftex.def Info: logos/FUAS_logo_trim.jpg  used on input line 459.
(pdftex.def)             Requested size: 53.0159pt x 21.33955pt.
 [9{/usr/share/texmf/fonts/enc/dvips/cm-super/cm-super-t1.enc} <./figures/fig05
_routenvergleich_auto_rad.jpg> <./figures/fig06_pavement_werte.jpg>]
File: logos/UIREKA_logo_trim.png Graphic file (type png)
<use logos/UIREKA_logo_trim.png>
Package pdftex.def Info: logos/UIREKA_logo_trim.png  used on input line 463.
(pdftex.def)             Requested size: 82.66736pt x 21.33955pt.
File: logos/FUAS_logo_trim.jpg Graphic file (type jpg)
<use logos/FUAS_logo_trim.jpg>
Package pdftex.def Info: logos/FUAS_logo_trim.jpg  used on input line 463.
(pdftex.def)             Requested size: 53.0159pt x 21.33955pt.

[10 <./figures/fig07_bikescore_werte.jpg> <./figures/fig08_radinfrastruktur.jpg
>]
Underfull \hbox (badness 1057) in paragraph at lines 474--475
\T1/Crlt-OsF/m/n/10.95 de Schlei-fen-ty-pen, au-to-ma-tisch und ma-nu-ell, bil-
den zu-sam-men die Grund-la-ge für die kon-kre-ten
 []

File: logos/UIREKA_logo_trim.png Graphic file (type png)
<use logos/UIREKA_logo_trim.png>
Package pdftex.def Info: logos/UIREKA_logo_trim.png  used on input line 475.
(pdftex.def)             Requested size: 82.66736pt x 21.33955pt.
File: logos/FUAS_logo_trim.jpg Graphic file (type jpg)
<use logos/FUAS_logo_trim.jpg>
Package pdftex.def Info: logos/FUAS_logo_trim.jpg  used on input line 475.
(pdftex.def)             Requested size: 53.0159pt x 21.33955pt.
[11 <./figures/fig09_routenvergleich_ortskern.jpg>]
chapter 5.

Class scrreprt Warning: Redefinition of \@makechapterhead detected.
(scrreprt)              Note: KOMA-Script does use styles for commands like
(scrreprt)              \chapter. Currently it internally still provides and
(scrreprt)              uses \@makechapterhead, but a completely different
(scrreprt)              definition compared to the standard classes.
(scrreprt)              So redefining or using internal \@makechapterhead
(scrreprt)              by users or package authors may already break
(scrreprt)              KOMA-Script and will not work with a coming version,
(scrreprt)              that will remove this deprecated code.

File: logos/UIREKA_logo_trim.png Graphic file (type png)
<use logos/UIREKA_logo_trim.png>
Package pdftex.def Info: logos/UIREKA_logo_trim.png  used on input line 496.
(pdftex.def)             Requested size: 82.66736pt x 21.33955pt.
File: logos/FUAS_logo_trim.jpg Graphic file (type jpg)
<use logos/FUAS_logo_trim.jpg>
Package pdftex.def Info: logos/FUAS_logo_trim.jpg  used on input line 496.
(pdftex.def)             Requested size: 53.0159pt x 21.33955pt.
[12]
LaTeX Font Info:    Faking \texteuro for font family Crlt-OsF
(Font)              in TS1 encoding on input line 499.
LaTeX Font Info:    Faking \texteuro for font family Crlt-OsF
(Font)              in TS1 encoding on input line 499.
<figures/fig16_berliner_lastenrad.jpg, id=318, 957.5775pt x 859.21pt>
File: figures/fig16_berliner_lastenrad.jpg Graphic file (type jpg)
<use figures/fig16_berliner_lastenrad.jpg>
Package pdftex.def Info: figures/fig16_berliner_lastenrad.jpg  used on input li
ne 503.
(pdftex.def)             Requested size: 273.14923pt x 245.08716pt.
<figures/fig14_konzept_stift_tilbeck.jpg, id=323, 2890.8pt x 1565.85pt>
File: figures/fig14_konzept_stift_tilbeck.jpg Graphic file (type jpg)
<use figures/fig14_konzept_stift_tilbeck.jpg>
Package pdftex.def Info: figures/fig14_konzept_stift_tilbeck.jpg  used on input
 line 512.
(pdftex.def)             Requested size: 386.96027pt x 209.58865pt.
LaTeX Font Info:    Faking \texteuro for font family Crlt-OsF
(Font)              in TS1 encoding on input line 538.
File: logos/UIREKA_logo_trim.png Graphic file (type png)
<use logos/UIREKA_logo_trim.png>
Package pdftex.def Info: logos/UIREKA_logo_trim.png  used on input line 539.
(pdftex.def)             Requested size: 82.66736pt x 21.33955pt.
File: logos/FUAS_logo_trim.jpg Graphic file (type jpg)
<use logos/FUAS_logo_trim.jpg>
Package pdftex.def Info: logos/FUAS_logo_trim.jpg  used on input line 539.
(pdftex.def)             Requested size: 53.0159pt x 21.33955pt.
 [13 <./figures/fig16_berliner_lastenrad.jpg>]
<figures/fig15_carlacargo_anhaenger.jpg, id=336, 1277.77374pt x 862.22125pt>
File: figures/fig15_carlacargo_anhaenger.jpg Graphic file (type jpg)
<use figures/fig15_carlacargo_anhaenger.jpg>
Package pdftex.def Info: figures/fig15_carlacargo_anhaenger.jpg  used on input 
line 550.
(pdftex.def)             Requested size: 273.14923pt x 184.30829pt.
LaTeX Font Info:    Faking \texteuro for font family Crlt-OsF
(Font)              in TS1 encoding on input line 555.
LaTeX Font Info:    Faking \texteuro for font family Crlt-OsF
(Font)              in TS1 encoding on input line 555.
File: logos/UIREKA_logo_trim.png Graphic file (type png)
<use logos/UIREKA_logo_trim.png>
Package pdftex.def Info: logos/UIREKA_logo_trim.png  used on input line 556.
(pdftex.def)             Requested size: 82.66736pt x 21.33955pt.
File: logos/FUAS_logo_trim.jpg Graphic file (type jpg)
<use logos/FUAS_logo_trim.jpg>
Package pdftex.def Info: logos/FUAS_logo_trim.jpg  used on input line 556.
(pdftex.def)             Requested size: 53.0159pt x 21.33955pt.
 [14 <./figures/fig14_konzept_stift_tilbeck.jpg>]
<figures/fig12_anliefermodell_landwirtschaft.jpg, id=348, 2890.8pt x 1579.9025p
t>
File: figures/fig12_anliefermodell_landwirtschaft.jpg Graphic file (type jpg)
<use figures/fig12_anliefermodell_landwirtschaft.jpg>
Package pdftex.def Info: figures/fig12_anliefermodell_landwirtschaft.jpg  used 
on input line 561.
(pdftex.def)             Requested size: 386.96027pt x 211.46957pt.
File: logos/UIREKA_logo_trim.png Graphic file (type png)
<use logos/UIREKA_logo_trim.png>
Package pdftex.def Info: logos/UIREKA_logo_trim.png  used on input line 591.
(pdftex.def)             Requested size: 82.66736pt x 21.33955pt.
File: logos/FUAS_logo_trim.jpg Graphic file (type jpg)
<use logos/FUAS_logo_trim.jpg>
Package pdftex.def Info: logos/FUAS_logo_trim.jpg  used on input line 591.
(pdftex.def)             Requested size: 53.0159pt x 21.33955pt.
 [15 <./figures/fig15_carlacargo_anhaenger.jpg> <./figures/fig12_anliefermodell
_landwirtschaft.jpg>]
<figures/fig13_wochenmarkt_zentral.jpg, id=361, 2890.8pt x 1575.8875pt>
File: figures/fig13_wochenmarkt_zentral.jpg Graphic file (type jpg)
<use figures/fig13_wochenmarkt_zentral.jpg>
Package pdftex.def Info: figures/fig13_wochenmarkt_zentral.jpg  used on input l
ine 602.
(pdftex.def)             Requested size: 386.96027pt x 210.93217pt.
File: logos/UIREKA_logo_trim.png Graphic file (type png)
<use logos/UIREKA_logo_trim.png>
Package pdftex.def Info: logos/UIREKA_logo_trim.png  used on input line 640.
(pdftex.def)             Requested size: 82.66736pt x 21.33955pt.
File: logos/FUAS_logo_trim.jpg Graphic file (type jpg)
<use logos/FUAS_logo_trim.jpg>
Package pdftex.def Info: logos/FUAS_logo_trim.jpg  used on input line 640.
(pdftex.def)             Requested size: 53.0159pt x 21.33955pt.
 [16 <./figures/fig13_wochenmarkt_zentral.jpg>]
File: logos/UIREKA_logo_trim.png Graphic file (type png)
<use logos/UIREKA_logo_trim.png>
Package pdftex.def Info: logos/UIREKA_logo_trim.png  used on input line 653.
(pdftex.def)             Requested size: 82.66736pt x 21.33955pt.
File: logos/FUAS_logo_trim.jpg Graphic file (type jpg)
<use logos/FUAS_logo_trim.jpg>
Package pdftex.def Info: logos/FUAS_logo_trim.jpg  used on input line 653.
(pdftex.def)             Requested size: 53.0159pt x 21.33955pt.
 [17]
LaTeX Font Info:    Faking \texteuro for font family Crlt-OsF
(Font)              in TS1 encoding on input line 655.
<figures/fig17_long_john.jpg, id=378, 1236.62pt x 852.18375pt>
File: figures/fig17_long_john.jpg Graphic file (type jpg)
<use figures/fig17_long_john.jpg>
Package pdftex.def Info: figures/fig17_long_john.jpg  used on input line 659.
(pdftex.def)             Requested size: 273.14923pt x 188.23518pt.
<figures/fig10_abholmodell_restaurants.jpg, id=381, 2890.8pt x 1561.835pt>
File: figures/fig10_abholmodell_restaurants.jpg Graphic file (type jpg)
<use figures/fig10_abholmodell_restaurants.jpg>
Package pdftex.def Info: figures/fig10_abholmodell_restaurants.jpg  used on inp
ut line 670.
(pdftex.def)             Requested size: 386.96027pt x 209.05125pt.
File: logos/UIREKA_logo_trim.png Graphic file (type png)
<use logos/UIREKA_logo_trim.png>
Package pdftex.def Info: logos/UIREKA_logo_trim.png  used on input line 703.
(pdftex.def)             Requested size: 82.66736pt x 21.33955pt.
File: logos/FUAS_logo_trim.jpg Graphic file (type jpg)
<use logos/FUAS_logo_trim.jpg>
Package pdftex.def Info: logos/FUAS_logo_trim.jpg  used on input line 703.
(pdftex.def)             Requested size: 53.0159pt x 21.33955pt.
 [18 <./figures/fig17_long_john.jpg>]
<figures/fig11_anliefermodell_restaurants.jpg, id=393, 2890.8pt x 1575.8875pt>
File: figures/fig11_anliefermodell_restaurants.jpg Graphic file (type jpg)
<use figures/fig11_anliefermodell_restaurants.jpg>
Package pdftex.def Info: figures/fig11_anliefermodell_restaurants.jpg  used on 
input line 712.
(pdftex.def)             Requested size: 386.96027pt x 210.93217pt.
File: logos/UIREKA_logo_trim.png Graphic file (type png)
<use logos/UIREKA_logo_trim.png>
Package pdftex.def Info: logos/UIREKA_logo_trim.png  used on input line 777.
(pdftex.def)             Requested size: 82.66736pt x 21.33955pt.
File: logos/FUAS_logo_trim.jpg Graphic file (type jpg)
<use logos/FUAS_logo_trim.jpg>
Package pdftex.def Info: logos/FUAS_logo_trim.jpg  used on input line 777.
(pdftex.def)             Requested size: 53.0159pt x 21.33955pt.
 [19]
chapter 6.

Class scrreprt Warning: Redefinition of \@makechapterhead detected.
(scrreprt)              Note: KOMA-Script does use styles for commands like
(scrreprt)              \chapter. Currently it internally still provides and
(scrreprt)              uses \@makechapterhead, but a completely different
(scrreprt)              definition compared to the standard classes.
(scrreprt)              So redefining or using internal \@makechapterhead
(scrreprt)              by users or package authors may already break
(scrreprt)              KOMA-Script and will not work with a coming version,
(scrreprt)              that will remove this deprecated code.

File: logos/UIREKA_logo_trim.png Graphic file (type png)
<use logos/UIREKA_logo_trim.png>
Package pdftex.def Info: logos/UIREKA_logo_trim.png  used on input line 791.
(pdftex.def)             Requested size: 82.66736pt x 21.33955pt.
File: logos/FUAS_logo_trim.jpg Graphic file (type jpg)
<use logos/FUAS_logo_trim.jpg>
Package pdftex.def Info: logos/FUAS_logo_trim.jpg  used on input line 791.
(pdftex.def)             Requested size: 53.0159pt x 21.33955pt.
[20]
LaTeX Font Info:    Trying to load font information for TS1+Crlt-OsF on input l
ine 795.
 (/usr/share/texlive/texmf-dist/tex/latex/carlito/TS1Crlt-OsF.fd
File: TS1Crlt-OsF.fd 2022/10/05 (autoinst) Font definitions for TS1/Crlt-OsF.
)
File: logos/UIREKA_logo_trim.png Graphic file (type png)
<use logos/UIREKA_logo_trim.png>
Package pdftex.def Info: logos/UIREKA_logo_trim.png  used on input line 796.
(pdftex.def)             Requested size: 82.66736pt x 21.33955pt.
File: logos/FUAS_logo_trim.jpg Graphic file (type jpg)
<use logos/FUAS_logo_trim.jpg>
Package pdftex.def Info: logos/FUAS_logo_trim.jpg  used on input line 796.
(pdftex.def)             Requested size: 53.0159pt x 21.33955pt.
 [21 <./figures/fig10_abholmodell_restaurants.jpg> <./figures/fig11_anliefermod
ell_restaurants.jpg>]
File: logos/UIREKA_logo_trim.png Graphic file (type png)
<use logos/UIREKA_logo_trim.png>
Package pdftex.def Info: logos/UIREKA_logo_trim.png  used on input line 802.
(pdftex.def)             Requested size: 82.66736pt x 21.33955pt.
File: logos/FUAS_logo_trim.jpg Graphic file (type jpg)
<use logos/FUAS_logo_trim.jpg>
Package pdftex.def Info: logos/FUAS_logo_trim.jpg  used on input line 802.
(pdftex.def)             Requested size: 53.0159pt x 21.33955pt.
 [22{/usr/share/texlive/texmf-dist/fonts/enc/dvips/carlito/crlt_j4hweq.enc}]
chapter without number

Class scrreprt Warning: Redefinition of \@makechapterhead detected.
(scrreprt)              Note: KOMA-Script does use styles for commands like
(scrreprt)              \chapter. Currently it internally still provides and
(scrreprt)              uses \@makechapterhead, but a completely different
(scrreprt)              definition compared to the standard classes.
(scrreprt)              So redefining or using internal \@makechapterhead
(scrreprt)              by users or package authors may already break
(scrreprt)              KOMA-Script and will not work with a coming version,
(scrreprt)              that will remove this deprecated code.

File: logos/UIREKA_logo_trim.png Graphic file (type png)
<use logos/UIREKA_logo_trim.png>
Package pdftex.def Info: logos/UIREKA_logo_trim.png  used on input line 803.
(pdftex.def)             Requested size: 82.66736pt x 21.33955pt.
File: logos/FUAS_logo_trim.jpg Graphic file (type jpg)
<use logos/FUAS_logo_trim.jpg>
Package pdftex.def Info: logos/FUAS_logo_trim.jpg  used on input line 803.
(pdftex.def)             Requested size: 53.0159pt x 21.33955pt.
[23

]
Underfull \hbox (badness 1158) in paragraph at lines 803--803
[][]\T1/Crlt-OsF/m/n/10.95 Pedalpower (2025). \T1/Crlt-OsF/m/it/10.95 Preis-lis
-te PP Las-ten-rä-der / Car-go Bikes, gül-tig ab 01.04.2025\T1/Crlt-OsF/m/n/10.
95 . URL: [][]$\T1/cmtt/m/n/10.95 https :
 []

File: logos/UIREKA_logo_trim.png Graphic file (type png)
<use logos/UIREKA_logo_trim.png>
Package pdftex.def Info: logos/UIREKA_logo_trim.png  used on input line 805.
(pdftex.def)             Requested size: 82.66736pt x 21.33955pt.
File: logos/FUAS_logo_trim.jpg Graphic file (type jpg)
<use logos/FUAS_logo_trim.jpg>
Package pdftex.def Info: logos/FUAS_logo_trim.jpg  used on input line 805.
(pdftex.def)             Requested size: 53.0159pt x 21.33955pt.
[24] (./main.aux)
 ***********
LaTeX2e <2023-11-01> patch level 1
L3 programming layer <2024-01-22>
 ***********
Package logreq Info: Writing requests to 'main.run.xml'.
\openout1 = `main.run.xml'.

 ) 
Here is how much of TeX's memory you used:
 30555 strings out of 474222
 607895 string characters out of 5748734
 1958975 words of memory out of 5000000
 52308 multiletter control sequences out of 15000+600000
 707740 words of font info for 107 fonts, out of 8000000 for 9000
 1143 hyphenation exceptions out of 8191
 108i,16n,117p,10899b,2721s stack positions out of 10000i,1000n,20000p,200000b,200000s
</usr/share/texlive/texmf-dist/fonts/type1/huerta/caladea/Caladea-Bold.pfb></
usr/share/texlive/texmf-dist/fonts/type1/google/carlito/Crlt-Bold.pfb></usr/sha
re/texlive/texmf-dist/fonts/type1/google/carlito/Crlt-Italic.pfb></usr/share/te
xlive/texmf-dist/fonts/type1/google/carlito/Crlt-Regular.pfb></usr/share/texliv
e/texmf-dist/fonts/type1/public/amsfonts/cm/cmex10.pfb></usr/share/texlive/texm
f-dist/fonts/type1/public/amsfonts/cm/cmmi10.pfb></usr/share/texlive/texmf-dist
/fonts/type1/public/amsfonts/cm/cmr10.pfb></usr/share/texlive/texmf-dist/fonts/
type1/public/amsfonts/cm/cmr8.pfb></usr/share/texlive/texmf-dist/fonts/type1/pu
blic/amsfonts/cm/cmsy10.pfb></usr/share/texmf/fonts/type1/public/cm-super/sftt1
000.pfb></usr/share/texmf/fonts/type1/public/cm-super/sftt1095.pfb>
Output written on main.pdf (29 pages, 9384745 bytes).
PDF statistics:
 658 PDF objects out of 1000 (max. 8388607)
 551 compressed objects within 6 object streams
 122 named destinations out of 1000 (max. 500000)
 365 words of extra memory for PDF output out of 10000 (max. 10000000)

